2019-02-18 16:24:33.352  INFO RZKYPPRTM-79 --- [           main] c.h.s.SpringBootLog4j2Application        : Starting SpringBootLog4j2Application on RZKYPPRTM-79 with PID 7524 (E:\Belajar\spring-boot-log4j2-master\target\classes started by padepokan79 in E:\Belajar\spring-boot-log4j2-master)
2019-02-18 16:24:33.368 DEBUG RZKYPPRTM-79 --- [           main] c.h.s.SpringBootLog4j2Application        : Running with Spring Boot v2.0.5.RELEASE, Spring v5.0.9.RELEASE
2019-02-18 16:24:33.369  INFO RZKYPPRTM-79 --- [           main] c.h.s.SpringBootLog4j2Application        : No active profile set, falling back to default profiles: default
2019-02-18 16:24:33.430  INFO RZKYPPRTM-79 --- [           main] ConfigServletWebServerApplicationContext : Refreshing org.springframework.boot.web.servlet.context.AnnotationConfigServletWebServerApplicationContext@7b02881e: startup date [Mon Feb 18 16:24:33 ICT 2019]; root of context hierarchy
2019-02-18 16:24:35.853  INFO RZKYPPRTM-79 --- [           main] o.s.b.w.e.t.TomcatWebServer              : Tomcat initialized with port(s): 8080 (http)
2019-02-18 16:24:35.890  INFO RZKYPPRTM-79 --- [           main] o.a.c.h.Http11NioProtocol                : Initializing ProtocolHandler ["http-nio-8080"]
2019-02-18 16:24:35.913  INFO RZKYPPRTM-79 --- [           main] o.a.c.c.StandardService                  : Starting service [Tomcat]
2019-02-18 16:24:35.914  INFO RZKYPPRTM-79 --- [           main] o.a.c.c.StandardEngine                   : Starting Servlet Engine: Apache Tomcat/8.5.34
2019-02-18 16:24:35.935  INFO RZKYPPRTM-79 --- [ost-startStop-1] o.a.c.c.AprLifecycleListener             : The APR based Apache Tomcat Native library which allows optimal performance in production environments was not found on the java.library.path: [C:\Program Files\Java\jdk1.8.0_25\bin;C:\WINDOWS\Sun\Java\bin;C:\WINDOWS\system32;C:\WINDOWS;C:\Program Files (x86)\NVIDIA Corporation\PhysX\Common;C:\Program Files (x86)\Common Files\Oracle\Java\javapath;c:\Program Files (x86)\AMD APP\bin\x86_64;c:\Program Files (x86)\AMD APP\bin\x86;C:\ProgramData\Oracle\Java\javapath;C:\WINDOWS\system32;C:\WINDOWS;C:\WINDOWS\System32\Wbem;C:\WINDOWS\System32\WindowsPowerShell\v1.0\;C:\Program Files\nodejs\;C:\apache-maven-3.5.0\bin;C:\Program Files\Java\jdk1.8.0_181\bin;C:\WINDOWS\system32\config\systemprofile\.dnx\bin;C:\Program Files\Microsoft DNX\Dnvm\;C:\Program Files\Microsoft SQL Server\120\Tools\Binn\;C:\Program Files\Git\cmd;C:\Program Files (x86)\AMD\ATI.ACE\Core-Static;C:\Program Files (x86)\ATI Technologies\ATI.ACE\Core-Static;C:\WINDOWS\System32\OpenSSH\;C:\Program Files (x86)\Microsoft VS Code\bin;C:\PostgreSQL\pg10\bin;C:\Program Files\TortoiseSVN\bin;C:\Program Files (x86)\Windows Kits\10\Windows Performance Toolkit\;C:\Program Files\Microsoft SQL Server\130\Tools\Binn\;C:\Program Files (x86)\Microsoft SQL Server\110\Tools\Binn\;C:\Program Files\Microsoft SQL Server\110\Tools\Binn\;C:\Program Files\Microsoft SQL Server\110\DTS\Binn\;C:\Program Files (x86)\Microsoft SQL Server\110\Tools\Binn\ManagementStudio\;C:\Program Files (x86)\Microsoft SQL Server\110\DTS\Binn\;C:\Program Files\PuTTY\;C:\Gradle\gradle-5.0\bin;C:\Program Files\erl10.2\bin\erl.exe;C:\Users\padepokan79\AppData\Local\Microsoft\WindowsApps;C:\Users\padepokan79\AppData\Roaming\npm;C:\Program Files (x86)\Microsoft VS Code\bin;;.]
2019-02-18 16:24:36.235  INFO RZKYPPRTM-79 --- [ost-startStop-1] o.a.c.c.C.[.[.[/]                        : Initializing Spring embedded WebApplicationContext
2019-02-18 16:24:36.235  INFO RZKYPPRTM-79 --- [ost-startStop-1] o.s.w.c.ContextLoader                    : Root WebApplicationContext: initialization completed in 2805 ms
2019-02-18 16:24:36.382  INFO RZKYPPRTM-79 --- [ost-startStop-1] o.s.b.w.s.ServletRegistrationBean        : Servlet dispatcherServlet mapped to [/]
2019-02-18 16:24:36.392  INFO RZKYPPRTM-79 --- [ost-startStop-1] o.s.b.w.s.FilterRegistrationBean         : Mapping filter: 'characterEncodingFilter' to: [/*]
2019-02-18 16:24:36.393  INFO RZKYPPRTM-79 --- [ost-startStop-1] o.s.b.w.s.FilterRegistrationBean         : Mapping filter: 'hiddenHttpMethodFilter' to: [/*]
2019-02-18 16:24:36.394  INFO RZKYPPRTM-79 --- [ost-startStop-1] o.s.b.w.s.FilterRegistrationBean         : Mapping filter: 'httpPutFormContentFilter' to: [/*]
2019-02-18 16:24:36.394  INFO RZKYPPRTM-79 --- [ost-startStop-1] o.s.b.w.s.FilterRegistrationBean         : Mapping filter: 'requestContextFilter' to: [/*]
2019-02-18 16:24:36.609  INFO RZKYPPRTM-79 --- [           main] o.s.w.s.h.SimpleUrlHandlerMapping        : Mapped URL path [/**/favicon.ico] onto handler of type [class org.springframework.web.servlet.resource.ResourceHttpRequestHandler]
2019-02-18 16:24:37.103  INFO RZKYPPRTM-79 --- [           main] s.w.s.m.m.a.RequestMappingHandlerAdapter : Looking for @ControllerAdvice: org.springframework.boot.web.servlet.context.AnnotationConfigServletWebServerApplicationContext@7b02881e: startup date [Mon Feb 18 16:24:33 ICT 2019]; root of context hierarchy
2019-02-18 16:24:37.214  INFO RZKYPPRTM-79 --- [           main] s.w.s.m.m.a.RequestMappingHandlerMapping : Mapped "{[/error]}" onto public org.springframework.http.ResponseEntity<java.util.Map<java.lang.String, java.lang.Object>> org.springframework.boot.autoconfigure.web.servlet.error.BasicErrorController.error(javax.servlet.http.HttpServletRequest)
2019-02-18 16:24:37.216  INFO RZKYPPRTM-79 --- [           main] s.w.s.m.m.a.RequestMappingHandlerMapping : Mapped "{[/error],produces=[text/html]}" onto public org.springframework.web.servlet.ModelAndView org.springframework.boot.autoconfigure.web.servlet.error.BasicErrorController.errorHtml(javax.servlet.http.HttpServletRequest,javax.servlet.http.HttpServletResponse)
2019-02-18 16:24:37.255  INFO RZKYPPRTM-79 --- [           main] o.s.w.s.h.SimpleUrlHandlerMapping        : Mapped URL path [/webjars/**] onto handler of type [class org.springframework.web.servlet.resource.ResourceHttpRequestHandler]
2019-02-18 16:24:37.255  INFO RZKYPPRTM-79 --- [           main] o.s.w.s.h.SimpleUrlHandlerMapping        : Mapped URL path [/**] onto handler of type [class org.springframework.web.servlet.resource.ResourceHttpRequestHandler]
2019-02-18 16:24:37.512  INFO RZKYPPRTM-79 --- [           main] o.s.j.e.a.AnnotationMBeanExporter        : Registering beans for JMX exposure on startup
2019-02-18 16:24:37.539  INFO RZKYPPRTM-79 --- [           main] o.a.c.h.Http11NioProtocol                : Starting ProtocolHandler ["http-nio-8080"]
2019-02-18 16:24:37.559  INFO RZKYPPRTM-79 --- [           main] o.a.t.u.n.NioSelectorPool                : Using a shared selector for servlet write/read
2019-02-18 16:24:37.642  INFO RZKYPPRTM-79 --- [           main] o.s.b.w.e.t.TomcatWebServer              : Tomcat started on port(s): 8080 (http) with context path ''
2019-02-18 16:24:37.649  INFO RZKYPPRTM-79 --- [           main] c.h.s.SpringBootLog4j2Application        : Started SpringBootLog4j2Application in 4.846 seconds (JVM running for 6.837)
2019-02-18 16:24:37.652 DEBUG RZKYPPRTM-79 --- [           main] c.h.s.SpringBootLog4j2Application        : Debugging log
2019-02-18 16:24:37.652  INFO RZKYPPRTM-79 --- [           main] c.h.s.SpringBootLog4j2Application        : Info log
2019-02-18 16:24:37.652  WARN RZKYPPRTM-79 --- [           main] c.h.s.SpringBootLog4j2Application        : Hey, This is a warning!
2019-02-18 16:24:37.652 ERROR RZKYPPRTM-79 --- [           main] c.h.s.SpringBootLog4j2Application        : Oops! We have an Error. OK
2019-02-18 16:24:37.652 FATAL RZKYPPRTM-79 --- [           main] c.h.s.SpringBootLog4j2Application        : Damn! Fatal error. Please fix me.
2019-02-18 16:25:28.119  INFO RZKYPPRTM-79 --- [           main] c.h.s.SpringBootLog4j2Application        : Starting SpringBootLog4j2Application on RZKYPPRTM-79 with PID 13668 (E:\Belajar\spring-boot-log4j2-master\target\classes started by padepokan79 in E:\Belajar\spring-boot-log4j2-master)
2019-02-18 16:25:28.129 DEBUG RZKYPPRTM-79 --- [           main] c.h.s.SpringBootLog4j2Application        : Running with Spring Boot v2.0.5.RELEASE, Spring v5.0.9.RELEASE
2019-02-18 16:25:28.130  INFO RZKYPPRTM-79 --- [           main] c.h.s.SpringBootLog4j2Application        : No active profile set, falling back to default profiles: default
2019-02-18 16:25:28.211  INFO RZKYPPRTM-79 --- [           main] ConfigServletWebServerApplicationContext : Refreshing org.springframework.boot.web.servlet.context.AnnotationConfigServletWebServerApplicationContext@623a8092: startup date [Mon Feb 18 16:25:28 ICT 2019]; root of context hierarchy
2019-02-18 16:25:30.875  INFO RZKYPPRTM-79 --- [           main] o.s.b.w.e.t.TomcatWebServer              : Tomcat initialized with port(s): 8080 (http)
2019-02-18 16:25:30.919  INFO RZKYPPRTM-79 --- [           main] o.a.c.h.Http11NioProtocol                : Initializing ProtocolHandler ["http-nio-8080"]
2019-02-18 16:25:30.936  INFO RZKYPPRTM-79 --- [           main] o.a.c.c.StandardService                  : Starting service [Tomcat]
2019-02-18 16:25:30.936  INFO RZKYPPRTM-79 --- [           main] o.a.c.c.StandardEngine                   : Starting Servlet Engine: Apache Tomcat/8.5.34
2019-02-18 16:25:30.949  INFO RZKYPPRTM-79 --- [ost-startStop-1] o.a.c.c.AprLifecycleListener             : The APR based Apache Tomcat Native library which allows optimal performance in production environments was not found on the java.library.path: [C:\Program Files\Java\jdk1.8.0_25\bin;C:\WINDOWS\Sun\Java\bin;C:\WINDOWS\system32;C:\WINDOWS;C:\Program Files (x86)\NVIDIA Corporation\PhysX\Common;C:\Program Files (x86)\Common Files\Oracle\Java\javapath;c:\Program Files (x86)\AMD APP\bin\x86_64;c:\Program Files (x86)\AMD APP\bin\x86;C:\ProgramData\Oracle\Java\javapath;C:\WINDOWS\system32;C:\WINDOWS;C:\WINDOWS\System32\Wbem;C:\WINDOWS\System32\WindowsPowerShell\v1.0\;C:\Program Files\nodejs\;C:\apache-maven-3.5.0\bin;C:\Program Files\Java\jdk1.8.0_181\bin;C:\WINDOWS\system32\config\systemprofile\.dnx\bin;C:\Program Files\Microsoft DNX\Dnvm\;C:\Program Files\Microsoft SQL Server\120\Tools\Binn\;C:\Program Files\Git\cmd;C:\Program Files (x86)\AMD\ATI.ACE\Core-Static;C:\Program Files (x86)\ATI Technologies\ATI.ACE\Core-Static;C:\WINDOWS\System32\OpenSSH\;C:\Program Files (x86)\Microsoft VS Code\bin;C:\PostgreSQL\pg10\bin;C:\Program Files\TortoiseSVN\bin;C:\Program Files (x86)\Windows Kits\10\Windows Performance Toolkit\;C:\Program Files\Microsoft SQL Server\130\Tools\Binn\;C:\Program Files (x86)\Microsoft SQL Server\110\Tools\Binn\;C:\Program Files\Microsoft SQL Server\110\Tools\Binn\;C:\Program Files\Microsoft SQL Server\110\DTS\Binn\;C:\Program Files (x86)\Microsoft SQL Server\110\Tools\Binn\ManagementStudio\;C:\Program Files (x86)\Microsoft SQL Server\110\DTS\Binn\;C:\Program Files\PuTTY\;C:\Gradle\gradle-5.0\bin;C:\Program Files\erl10.2\bin\erl.exe;C:\Users\padepokan79\AppData\Local\Microsoft\WindowsApps;C:\Users\padepokan79\AppData\Roaming\npm;C:\Program Files (x86)\Microsoft VS Code\bin;;.]
2019-02-18 16:25:31.163  INFO RZKYPPRTM-79 --- [ost-startStop-1] o.a.c.c.C.[.[.[/]                        : Initializing Spring embedded WebApplicationContext
2019-02-18 16:25:31.163  INFO RZKYPPRTM-79 --- [ost-startStop-1] o.s.w.c.ContextLoader                    : Root WebApplicationContext: initialization completed in 2952 ms
2019-02-18 16:25:31.296  INFO RZKYPPRTM-79 --- [ost-startStop-1] o.s.b.w.s.ServletRegistrationBean        : Servlet dispatcherServlet mapped to [/]
2019-02-18 16:25:31.303  INFO RZKYPPRTM-79 --- [ost-startStop-1] o.s.b.w.s.FilterRegistrationBean         : Mapping filter: 'characterEncodingFilter' to: [/*]
2019-02-18 16:25:31.304  INFO RZKYPPRTM-79 --- [ost-startStop-1] o.s.b.w.s.FilterRegistrationBean         : Mapping filter: 'hiddenHttpMethodFilter' to: [/*]
2019-02-18 16:25:31.304  INFO RZKYPPRTM-79 --- [ost-startStop-1] o.s.b.w.s.FilterRegistrationBean         : Mapping filter: 'httpPutFormContentFilter' to: [/*]
2019-02-18 16:25:31.305  INFO RZKYPPRTM-79 --- [ost-startStop-1] o.s.b.w.s.FilterRegistrationBean         : Mapping filter: 'requestContextFilter' to: [/*]
2019-02-18 16:25:31.526  INFO RZKYPPRTM-79 --- [           main] o.s.w.s.h.SimpleUrlHandlerMapping        : Mapped URL path [/**/favicon.ico] onto handler of type [class org.springframework.web.servlet.resource.ResourceHttpRequestHandler]
2019-02-18 16:25:31.955  INFO RZKYPPRTM-79 --- [           main] s.w.s.m.m.a.RequestMappingHandlerAdapter : Looking for @ControllerAdvice: org.springframework.boot.web.servlet.context.AnnotationConfigServletWebServerApplicationContext@623a8092: startup date [Mon Feb 18 16:25:28 ICT 2019]; root of context hierarchy
2019-02-18 16:25:32.093  INFO RZKYPPRTM-79 --- [           main] s.w.s.m.m.a.RequestMappingHandlerMapping : Mapped "{[/error]}" onto public org.springframework.http.ResponseEntity<java.util.Map<java.lang.String, java.lang.Object>> org.springframework.boot.autoconfigure.web.servlet.error.BasicErrorController.error(javax.servlet.http.HttpServletRequest)
2019-02-18 16:25:32.095  INFO RZKYPPRTM-79 --- [           main] s.w.s.m.m.a.RequestMappingHandlerMapping : Mapped "{[/error],produces=[text/html]}" onto public org.springframework.web.servlet.ModelAndView org.springframework.boot.autoconfigure.web.servlet.error.BasicErrorController.errorHtml(javax.servlet.http.HttpServletRequest,javax.servlet.http.HttpServletResponse)
2019-02-18 16:25:32.130  INFO RZKYPPRTM-79 --- [           main] o.s.w.s.h.SimpleUrlHandlerMapping        : Mapped URL path [/webjars/**] onto handler of type [class org.springframework.web.servlet.resource.ResourceHttpRequestHandler]
2019-02-18 16:25:32.130  INFO RZKYPPRTM-79 --- [           main] o.s.w.s.h.SimpleUrlHandlerMapping        : Mapped URL path [/**] onto handler of type [class org.springframework.web.servlet.resource.ResourceHttpRequestHandler]
2019-02-18 16:25:32.403  INFO RZKYPPRTM-79 --- [           main] o.s.j.e.a.AnnotationMBeanExporter        : Registering beans for JMX exposure on startup
2019-02-18 16:25:32.425  INFO RZKYPPRTM-79 --- [           main] o.a.c.h.Http11NioProtocol                : Starting ProtocolHandler ["http-nio-8080"]
2019-02-18 16:25:32.442  INFO RZKYPPRTM-79 --- [           main] o.a.t.u.n.NioSelectorPool                : Using a shared selector for servlet write/read
2019-02-18 16:25:32.465  INFO RZKYPPRTM-79 --- [           main] o.s.b.w.e.t.TomcatWebServer              : Tomcat started on port(s): 8080 (http) with context path ''
2019-02-18 16:25:32.470  INFO RZKYPPRTM-79 --- [           main] c.h.s.SpringBootLog4j2Application        : Started SpringBootLog4j2Application in 5.037 seconds (JVM running for 7.133)
2019-02-18 16:25:32.473 DEBUG RZKYPPRTM-79 --- [           main] c.h.s.SpringBootLog4j2Application        : Debugging log
2019-02-18 16:25:32.473  INFO RZKYPPRTM-79 --- [           main] c.h.s.SpringBootLog4j2Application        : Info log
2019-02-18 16:25:32.473  WARN RZKYPPRTM-79 --- [           main] c.h.s.SpringBootLog4j2Application        : Hey, This is a warning!
2019-02-18 16:25:32.473 ERROR RZKYPPRTM-79 --- [           main] c.h.s.SpringBootLog4j2Application        : Oops! We have an Error. OK
2019-02-18 16:25:32.473 FATAL RZKYPPRTM-79 --- [           main] c.h.s.SpringBootLog4j2Application        : Damn! Fatal error. Please fix me. new
