2019-01-23 23:02:20.195  INFO RZKYPPRTM-79 --- [           main] c.h.s.SpringBootLog4j2Application        : Starting SpringBootLog4j2Application on RZKYPPRTM-79 with PID 3052 (E:\Belajar\spring-boot-log4j2-master\target\classes started by padepokan79 in E:\Belajar\spring-boot-log4j2-master)
2019-01-23 23:02:20.203 DEBUG RZKYPPRTM-79 --- [           main] c.h.s.SpringBootLog4j2Application        : Running with Spring Boot v2.0.5.RELEASE, Spring v5.0.9.RELEASE
2019-01-23 23:02:20.205  INFO RZKYPPRTM-79 --- [           main] c.h.s.SpringBootLog4j2Application        : No active profile set, falling back to default profiles: default
2019-01-23 23:02:20.288  INFO RZKYPPRTM-79 --- [           main] ConfigServletWebServerApplicationContext : Refreshing org.springframework.boot.web.servlet.context.AnnotationConfigServletWebServerApplicationContext@117e949d: startup date [Wed Jan 23 23:02:20 ICT 2019]; root of context hierarchy
2019-01-23 23:02:22.785  INFO RZKYPPRTM-79 --- [           main] o.s.b.w.e.t.TomcatWebServer              : Tomcat initialized with port(s): 8080 (http)
2019-01-23 23:02:22.814  INFO RZKYPPRTM-79 --- [           main] o.a.c.h.Http11NioProtocol                : Initializing ProtocolHandler ["http-nio-8080"]
2019-01-23 23:02:22.830  INFO RZKYPPRTM-79 --- [           main] o.a.c.c.StandardService                  : Starting service [Tomcat]
2019-01-23 23:02:22.831  INFO RZKYPPRTM-79 --- [           main] o.a.c.c.StandardEngine                   : Starting Servlet Engine: Apache Tomcat/8.5.34
2019-01-23 23:02:22.843  INFO RZKYPPRTM-79 --- [ost-startStop-1] o.a.c.c.AprLifecycleListener             : The APR based Apache Tomcat Native library which allows optimal performance in production environments was not found on the java.library.path: [C:\Program Files\Java\jdk1.8.0_25\bin;C:\WINDOWS\Sun\Java\bin;C:\WINDOWS\system32;C:\WINDOWS;C:\Program Files (x86)\NVIDIA Corporation\PhysX\Common;C:\Program Files (x86)\Common Files\Oracle\Java\javapath;c:\Program Files (x86)\AMD APP\bin\x86_64;c:\Program Files (x86)\AMD APP\bin\x86;C:\ProgramData\Oracle\Java\javapath;C:\WINDOWS\system32;C:\WINDOWS;C:\WINDOWS\System32\Wbem;C:\WINDOWS\System32\WindowsPowerShell\v1.0\;C:\Program Files\nodejs\;C:\apache-maven-3.5.0\bin;C:\Program Files\Java\jdk1.8.0_181\bin;C:\WINDOWS\system32\config\systemprofile\.dnx\bin;C:\Program Files\Microsoft DNX\Dnvm\;C:\Program Files\Microsoft SQL Server\120\Tools\Binn\;C:\Program Files\Git\cmd;C:\Program Files (x86)\AMD\ATI.ACE\Core-Static;C:\Program Files (x86)\ATI Technologies\ATI.ACE\Core-Static;C:\WINDOWS\System32\OpenSSH\;C:\Program Files (x86)\Microsoft VS Code\bin;C:\PostgreSQL\pg10\bin;C:\Program Files\TortoiseSVN\bin;C:\Program Files (x86)\Windows Kits\10\Windows Performance Toolkit\;C:\Program Files\Microsoft SQL Server\130\Tools\Binn\;C:\Program Files (x86)\Microsoft SQL Server\110\Tools\Binn\;C:\Program Files\Microsoft SQL Server\110\Tools\Binn\;C:\Program Files\Microsoft SQL Server\110\DTS\Binn\;C:\Program Files (x86)\Microsoft SQL Server\110\Tools\Binn\ManagementStudio\;C:\Program Files (x86)\Microsoft SQL Server\110\DTS\Binn\;C:\Program Files\PuTTY\;C:\Gradle\gradle-5.0\bin;C:\Program Files\erl10.2\bin\erl.exe;C:\Users\padepokan79\AppData\Local\Microsoft\WindowsApps;C:\Users\padepokan79\AppData\Roaming\npm;C:\Program Files (x86)\Microsoft VS Code\bin;;.]
2019-01-23 23:02:23.040  INFO RZKYPPRTM-79 --- [ost-startStop-1] o.a.c.c.C.[.[.[/]                        : Initializing Spring embedded WebApplicationContext
2019-01-23 23:02:23.041  INFO RZKYPPRTM-79 --- [ost-startStop-1] o.s.w.c.ContextLoader                    : Root WebApplicationContext: initialization completed in 2753 ms
2019-01-23 23:02:23.159  INFO RZKYPPRTM-79 --- [ost-startStop-1] o.s.b.w.s.ServletRegistrationBean        : Servlet dispatcherServlet mapped to [/]
2019-01-23 23:02:23.164  INFO RZKYPPRTM-79 --- [ost-startStop-1] o.s.b.w.s.FilterRegistrationBean         : Mapping filter: 'characterEncodingFilter' to: [/*]
2019-01-23 23:02:23.164  INFO RZKYPPRTM-79 --- [ost-startStop-1] o.s.b.w.s.FilterRegistrationBean         : Mapping filter: 'hiddenHttpMethodFilter' to: [/*]
2019-01-23 23:02:23.165  INFO RZKYPPRTM-79 --- [ost-startStop-1] o.s.b.w.s.FilterRegistrationBean         : Mapping filter: 'httpPutFormContentFilter' to: [/*]
2019-01-23 23:02:23.165  INFO RZKYPPRTM-79 --- [ost-startStop-1] o.s.b.w.s.FilterRegistrationBean         : Mapping filter: 'requestContextFilter' to: [/*]
2019-01-23 23:02:23.333  INFO RZKYPPRTM-79 --- [           main] o.s.w.s.h.SimpleUrlHandlerMapping        : Mapped URL path [/**/favicon.ico] onto handler of type [class org.springframework.web.servlet.resource.ResourceHttpRequestHandler]
2019-01-23 23:02:23.745  INFO RZKYPPRTM-79 --- [           main] s.w.s.m.m.a.RequestMappingHandlerAdapter : Looking for @ControllerAdvice: org.springframework.boot.web.servlet.context.AnnotationConfigServletWebServerApplicationContext@117e949d: startup date [Wed Jan 23 23:02:20 ICT 2019]; root of context hierarchy
2019-01-23 23:02:23.852  INFO RZKYPPRTM-79 --- [           main] s.w.s.m.m.a.RequestMappingHandlerMapping : Mapped "{[/error]}" onto public org.springframework.http.ResponseEntity<java.util.Map<java.lang.String, java.lang.Object>> org.springframework.boot.autoconfigure.web.servlet.error.BasicErrorController.error(javax.servlet.http.HttpServletRequest)
2019-01-23 23:02:23.854  INFO RZKYPPRTM-79 --- [           main] s.w.s.m.m.a.RequestMappingHandlerMapping : Mapped "{[/error],produces=[text/html]}" onto public org.springframework.web.servlet.ModelAndView org.springframework.boot.autoconfigure.web.servlet.error.BasicErrorController.errorHtml(javax.servlet.http.HttpServletRequest,javax.servlet.http.HttpServletResponse)
2019-01-23 23:02:23.891  INFO RZKYPPRTM-79 --- [           main] o.s.w.s.h.SimpleUrlHandlerMapping        : Mapped URL path [/webjars/**] onto handler of type [class org.springframework.web.servlet.resource.ResourceHttpRequestHandler]
2019-01-23 23:02:23.892  INFO RZKYPPRTM-79 --- [           main] o.s.w.s.h.SimpleUrlHandlerMapping        : Mapped URL path [/**] onto handler of type [class org.springframework.web.servlet.resource.ResourceHttpRequestHandler]
2019-01-23 23:02:24.217  INFO RZKYPPRTM-79 --- [           main] o.s.j.e.a.AnnotationMBeanExporter        : Registering beans for JMX exposure on startup
2019-01-23 23:02:24.307  INFO RZKYPPRTM-79 --- [           main] o.a.c.h.Http11NioProtocol                : Starting ProtocolHandler ["http-nio-8080"]
2019-01-23 23:02:24.327  INFO RZKYPPRTM-79 --- [           main] o.a.t.u.n.NioSelectorPool                : Using a shared selector for servlet write/read
2019-01-23 23:02:24.368  INFO RZKYPPRTM-79 --- [           main] o.s.b.w.e.t.TomcatWebServer              : Tomcat started on port(s): 8080 (http) with context path ''
2019-01-23 23:02:24.377  INFO RZKYPPRTM-79 --- [           main] c.h.s.SpringBootLog4j2Application        : Started SpringBootLog4j2Application in 4.813 seconds (JVM running for 6.999)
2019-01-23 23:02:24.380 DEBUG RZKYPPRTM-79 --- [           main] c.h.s.SpringBootLog4j2Application        : Debugging log
2019-01-23 23:02:24.381  INFO RZKYPPRTM-79 --- [           main] c.h.s.SpringBootLog4j2Application        : Info log
2019-01-23 23:02:24.381  WARN RZKYPPRTM-79 --- [           main] c.h.s.SpringBootLog4j2Application        : Hey, This is a warning!
2019-01-23 23:02:24.381 ERROR RZKYPPRTM-79 --- [           main] c.h.s.SpringBootLog4j2Application        : Oops! We have an Error. OK
2019-01-23 23:02:24.382 FATAL RZKYPPRTM-79 --- [           main] c.h.s.SpringBootLog4j2Application        : Damn! Fatal error. Please fix me.
