2018-07-27 06:43:39.149  INFO Hendis-MacBook-Pro.local --- [           main] c.h.s.SpringBootLog4j2Application        : Starting SpringBootLog4j2Application on Hendis-MacBook-Pro.local with PID 11898 (/Users/hendisantika/Documents/IdeaProjects/spring-boot-log4j2/target/classes started by hendisantika in /Users/hendisantika/Documents/IdeaProjects/spring-boot-log4j2)
2018-07-27 06:43:39.152 DEBUG Hendis-MacBook-Pro.local --- [           main] c.h.s.SpringBootLog4j2Application        : Running with Spring Boot v2.0.3.RELEASE, Spring v5.0.7.RELEASE
2018-07-27 06:43:39.153  INFO Hendis-MacBook-Pro.local --- [           main] c.h.s.SpringBootLog4j2Application        : No active profile set, falling back to default profiles: default
2018-07-27 06:43:39.191  INFO Hendis-MacBook-Pro.local --- [           main] ConfigServletWebServerApplicationContext : Refreshing org.springframework.boot.web.servlet.context.AnnotationConfigServletWebServerApplicationContext@36b4fe2a: startup date [Fri Jul 27 06:43:39 WIB 2018]; root of context hierarchy
2018-07-27 06:43:40.106  INFO Hendis-MacBook-Pro.local --- [           main] o.s.b.w.e.t.TomcatWebServer              : Tomcat initialized with port(s): 8080 (http)
2018-07-27 06:43:40.128  INFO Hendis-MacBook-Pro.local --- [           main] o.a.c.h.Http11NioProtocol                : Initializing ProtocolHandler ["http-nio-8080"]
2018-07-27 06:43:40.135  INFO Hendis-MacBook-Pro.local --- [           main] o.a.c.c.StandardService                  : Starting service [Tomcat]
2018-07-27 06:43:40.136  INFO Hendis-MacBook-Pro.local --- [           main] o.a.c.c.StandardEngine                   : Starting Servlet Engine: Apache Tomcat/8.5.31
2018-07-27 06:43:40.152  INFO Hendis-MacBook-Pro.local --- [ost-startStop-1] o.a.c.c.AprLifecycleListener             : The APR based Apache Tomcat Native library which allows optimal performance in production environments was not found on the java.library.path: [/Users/hendisantika/Library/Java/Extensions:/Library/Java/Extensions:/Network/Library/Java/Extensions:/System/Library/Java/Extensions:/usr/lib/java:.]
2018-07-27 06:43:40.220  INFO Hendis-MacBook-Pro.local --- [ost-startStop-1] o.a.c.c.C.[.[.[/]                        : Initializing Spring embedded WebApplicationContext
2018-07-27 06:43:40.220  INFO Hendis-MacBook-Pro.local --- [ost-startStop-1] o.s.w.c.ContextLoader                    : Root WebApplicationContext: initialization completed in 1032 ms
2018-07-27 06:43:40.307  INFO Hendis-MacBook-Pro.local --- [ost-startStop-1] o.s.b.w.s.ServletRegistrationBean        : Servlet dispatcherServlet mapped to [/]
2018-07-27 06:43:40.311  INFO Hendis-MacBook-Pro.local --- [ost-startStop-1] o.s.b.w.s.FilterRegistrationBean         : Mapping filter: 'characterEncodingFilter' to: [/*]
2018-07-27 06:43:40.311  INFO Hendis-MacBook-Pro.local --- [ost-startStop-1] o.s.b.w.s.FilterRegistrationBean         : Mapping filter: 'hiddenHttpMethodFilter' to: [/*]
2018-07-27 06:43:40.311  INFO Hendis-MacBook-Pro.local --- [ost-startStop-1] o.s.b.w.s.FilterRegistrationBean         : Mapping filter: 'httpPutFormContentFilter' to: [/*]
2018-07-27 06:43:40.311  INFO Hendis-MacBook-Pro.local --- [ost-startStop-1] o.s.b.w.s.FilterRegistrationBean         : Mapping filter: 'requestContextFilter' to: [/*]
2018-07-27 06:43:40.411  INFO Hendis-MacBook-Pro.local --- [           main] o.s.w.s.h.SimpleUrlHandlerMapping        : Mapped URL path [/**/favicon.ico] onto handler of type [class org.springframework.web.servlet.resource.ResourceHttpRequestHandler]
2018-07-27 06:43:40.562  INFO Hendis-MacBook-Pro.local --- [           main] s.w.s.m.m.a.RequestMappingHandlerAdapter : Looking for @ControllerAdvice: org.springframework.boot.web.servlet.context.AnnotationConfigServletWebServerApplicationContext@36b4fe2a: startup date [Fri Jul 27 06:43:39 WIB 2018]; root of context hierarchy
2018-07-27 06:43:40.612  INFO Hendis-MacBook-Pro.local --- [           main] s.w.s.m.m.a.RequestMappingHandlerMapping : Mapped "{[/error]}" onto public org.springframework.http.ResponseEntity<java.util.Map<java.lang.String, java.lang.Object>> org.springframework.boot.autoconfigure.web.servlet.error.BasicErrorController.error(javax.servlet.http.HttpServletRequest)
2018-07-27 06:43:40.613  INFO Hendis-MacBook-Pro.local --- [           main] s.w.s.m.m.a.RequestMappingHandlerMapping : Mapped "{[/error],produces=[text/html]}" onto public org.springframework.web.servlet.ModelAndView org.springframework.boot.autoconfigure.web.servlet.error.BasicErrorController.errorHtml(javax.servlet.http.HttpServletRequest,javax.servlet.http.HttpServletResponse)
2018-07-27 06:43:40.627  INFO Hendis-MacBook-Pro.local --- [           main] o.s.w.s.h.SimpleUrlHandlerMapping        : Mapped URL path [/webjars/**] onto handler of type [class org.springframework.web.servlet.resource.ResourceHttpRequestHandler]
2018-07-27 06:43:40.628  INFO Hendis-MacBook-Pro.local --- [           main] o.s.w.s.h.SimpleUrlHandlerMapping        : Mapped URL path [/**] onto handler of type [class org.springframework.web.servlet.resource.ResourceHttpRequestHandler]
2018-07-27 06:43:40.722  INFO Hendis-MacBook-Pro.local --- [           main] o.s.j.e.a.AnnotationMBeanExporter        : Registering beans for JMX exposure on startup
2018-07-27 06:43:40.733  INFO Hendis-MacBook-Pro.local --- [           main] o.a.c.h.Http11NioProtocol                : Starting ProtocolHandler ["http-nio-8080"]
2018-07-27 06:43:40.754  INFO Hendis-MacBook-Pro.local --- [           main] o.a.t.u.n.NioSelectorPool                : Using a shared selector for servlet write/read
2018-07-27 06:43:40.764  INFO Hendis-MacBook-Pro.local --- [           main] o.s.b.w.e.t.TomcatWebServer              : Tomcat started on port(s): 8080 (http) with context path ''
2018-07-27 06:43:40.767  INFO Hendis-MacBook-Pro.local --- [           main] c.h.s.SpringBootLog4j2Application        : Started SpringBootLog4j2Application in 1.947 seconds (JVM running for 3.239)
2018-07-27 06:43:40.769 DEBUG Hendis-MacBook-Pro.local --- [           main] c.h.s.SpringBootLog4j2Application        : Debugging log
2018-07-27 06:43:40.769  INFO Hendis-MacBook-Pro.local --- [           main] c.h.s.SpringBootLog4j2Application        : Info log
2018-07-27 06:43:40.769  WARN Hendis-MacBook-Pro.local --- [           main] c.h.s.SpringBootLog4j2Application        : Hey, This is a warning!
2018-07-27 06:43:40.769 ERROR Hendis-MacBook-Pro.local --- [           main] c.h.s.SpringBootLog4j2Application        : Oops! We have an Error. OK
2018-07-27 06:43:40.769 FATAL Hendis-MacBook-Pro.local --- [           main] c.h.s.SpringBootLog4j2Application        : Damn! Fatal error. Please fix me.
2018-07-27 06:43:58.853  INFO Hendis-MacBook-Pro.local --- [       Thread-8] ConfigServletWebServerApplicationContext : Closing org.springframework.boot.web.servlet.context.AnnotationConfigServletWebServerApplicationContext@36b4fe2a: startup date [Fri Jul 27 06:43:39 WIB 2018]; root of context hierarchy
2018-07-27 06:43:58.854  INFO Hendis-MacBook-Pro.local --- [       Thread-8] o.s.j.e.a.AnnotationMBeanExporter        : Unregistering JMX-exposed beans on shutdown
